mode: set
github.com/neketsky/GoHomeworkMain/homework5/figures.go:27.41,28.17 1 1
github.com/neketsky/GoHomeworkMain/homework5/figures.go:31.2,31.29 1 1
github.com/neketsky/GoHomeworkMain/homework5/figures.go:28.17,30.3 1 1
github.com/neketsky/GoHomeworkMain/homework5/figures.go:35.46,36.17 1 1
github.com/neketsky/GoHomeworkMain/homework5/figures.go:39.2,39.24 1 1
github.com/neketsky/GoHomeworkMain/homework5/figures.go:36.17,38.3 1 1
github.com/neketsky/GoHomeworkMain/homework5/figures.go:43.41,44.19 1 1
github.com/neketsky/GoHomeworkMain/homework5/figures.go:47.2,47.43 1 1
github.com/neketsky/GoHomeworkMain/homework5/figures.go:44.19,46.3 1 1
github.com/neketsky/GoHomeworkMain/homework5/figures.go:51.46,52.19 1 1
github.com/neketsky/GoHomeworkMain/homework5/figures.go:55.2,55.36 1 1
github.com/neketsky/GoHomeworkMain/homework5/figures.go:52.19,54.3 1 1
